mode: set
demo-company/routes/boostrap.go:8.29,11.2 2 1
demo-company/apptest/init.go:17.30,45.2 10 1
demo-company/modules/database/collection.go:13.37,15.2 1 1
demo-company/modules/database/collection.go:18.36,20.2 1 1
demo-company/dao/branch.go:11.69,20.2 3 1
demo-company/dao/company.go:14.72,23.2 3 1
demo-company/dao/company.go:26.73,38.2 3 1
demo-company/util/helper.go:8.65,11.2 2 1
demo-company/main.go:15.13,19.2 3 1
demo-company/main.go:21.13,43.2 7 0
demo-company/services/company_help.go:12.89,20.2 2 1
demo-company/controllers/branch.go:13.41,22.16 3 1
demo-company/controllers/branch.go:27.2,30.8 1 1
demo-company/controllers/branch.go:22.16,24.3 1 0
demo-company/services/branch_help.go:13.62,15.16 2 1
demo-company/services/branch_help.go:18.2,18.22 1 1
demo-company/services/branch_help.go:15.16,17.3 1 0
demo-company/services/branch_help.go:22.86,35.2 3 1
demo-company/controllers/company.go:13.42,22.16 3 1
demo-company/controllers/company.go:27.2,30.8 1 1
demo-company/controllers/company.go:22.16,24.3 1 0
demo-company/config/env_keys.go:26.15,30.2 1 1
demo-company/config/env_keys.go:33.20,35.2 1 1
demo-company/modules/database/database.go:20.16,25.16 3 1
demo-company/modules/database/database.go:31.2,35.61 3 1
demo-company/modules/database/database.go:25.16,28.3 2 0
demo-company/modules/database/database.go:39.32,41.2 1 1
demo-company/modules/database/database.go:44.37,46.2 1 1
demo-company/models/company_api.go:16.54,22.2 2 1
demo-company/validations/company.go:11.60,12.36 1 1
demo-company/validations/company.go:12.36,22.17 4 1
demo-company/validations/company.go:26.3,28.17 2 1
demo-company/validations/company.go:22.17,24.4 1 1
demo-company/models/branch_api.go:15.53,21.2 2 1
demo-company/services/branch.go:11.82,19.16 3 1
demo-company/services/branch.go:24.2,24.17 1 1
demo-company/services/branch.go:19.16,22.3 2 0
demo-company/services/company.go:12.85,22.16 3 1
demo-company/services/company.go:27.2,27.17 1 1
demo-company/services/company.go:22.16,25.3 2 0
demo-company/validations/branch.go:13.59,14.36 1 1
demo-company/validations/branch.go:14.36,24.17 4 1
demo-company/validations/branch.go:29.3,31.17 2 1
demo-company/validations/branch.go:35.3,38.17 3 1
demo-company/validations/branch.go:24.17,26.4 1 1
demo-company/validations/branch.go:31.17,33.4 1 0
demo-company/routes/company.go:11.28,14.2 2 1
demo-company/modules/zookeeper/zookeeper.go:16.16,23.16 3 1
demo-company/modules/zookeeper/zookeeper.go:27.2,43.36 11 1
demo-company/modules/zookeeper/zookeeper.go:23.16,25.13 2 0
demo-company/util/response.go:13.65,18.2 1 1
demo-company/util/response.go:21.74,22.17 1 1
demo-company/util/response.go:25.2,25.61 1 1
demo-company/util/response.go:22.17,24.3 1 1
demo-company/util/response.go:29.74,30.17 1 1
demo-company/util/response.go:33.2,33.69 1 1
demo-company/util/response.go:30.17,32.3 1 0
demo-company/util/response.go:37.74,38.17 1 0
demo-company/util/response.go:41.2,41.67 1 0
demo-company/util/response.go:38.17,40.3 1 0
demo-company/routes/util.go:12.70,13.36 1 1
demo-company/routes/util.go:13.36,21.26 3 1
demo-company/routes/util.go:26.3,26.17 1 1
demo-company/routes/util.go:21.26,23.4 1 0
demo-company/util/test_help.go:29.48,32.2 2 1
demo-company/util/test_help.go:35.22,45.2 4 1
demo-company/util/test_help.go:48.39,58.16 3 1
demo-company/util/test_help.go:62.2,62.25 1 1
demo-company/util/test_help.go:58.16,60.3 1 0
demo-company/routes/branch.go:11.26,14.2 2 1
